<?xml version="1.0" encoding="UTF-8" ?>
<testsuites disabled="0" errors="0" failures="1" tests="2" time="10.271">
 <testsuite name="Calc Demo" timestamp="2022-07-19T02:10:48" hostname="localhost" time="10.271" errors="0" tests="2" skipped="0" disabled="0" failures="1">
  <testcase classname="Calc Demo" name="add test" time="5.485" />
  <testcase classname="Calc Demo" name="sub test" time="4.778">
   <failure type="toEqual" message="Expected &apos;2:10:56 AM&apos; to equal &apos;10&apos;."><![CDATA[Error: Failed expectation
    at homepage.verifyResult (C:\Users\khurram.muslim\Downloads\protractor-learning\pages\homepage.js:26:34)
    at UserContext.<anonymous> (C:\Users\khurram.muslim\Downloads\protractor-learning\tests\calc.js:33:16)
    at C:\Users\khurram.muslim\AppData\Roaming\npm\node_modules\protractor\node_modules\jasminewd2\index.js:112:25
    at new ManagedPromise (C:\Users\khurram.muslim\AppData\Roaming\npm\node_modules\protractor\node_modules\selenium-webdriver\lib\promise.js:1077:7)
    at ControlFlow.promise (C:\Users\khurram.muslim\AppData\Roaming\npm\node_modules\protractor\node_modules\selenium-webdriver\lib\promise.js:2505:12)
    at schedulerExecute (C:\Users\khurram.muslim\AppData\Roaming\npm\node_modules\protractor\node_modules\jasminewd2\index.js:95:18)
    at TaskQueue.execute_ (C:\Users\khurram.muslim\AppData\Roaming\npm\node_modules\protractor\node_modules\selenium-webdriver\lib\promise.js:3084:14)
    at TaskQueue.executeNext_ (C:\Users\khurram.muslim\AppData\Roaming\npm\node_modules\protractor\node_modules\selenium-webdriver\lib\promise.js:3067:27)
    at C:\Users\khurram.muslim\AppData\Roaming\npm\node_modules\protractor\node_modules\selenium-webdriver\lib\promise.js:2927:27]]>
   </failure>
  </testcase>
 </testsuite>
</testsuites>